<?xml version="1.0" encoding="UTF-8"?>
<!-- Generated by org.testng.reporters.JUnitReportReporter -->
<testsuite hostname="DELL-PC" name="annot.parameterization" tests="3" failures="0" timestamp="1 Dec 2014 11:40:59 GMT" time="0.000" errors="0">
  <testcase name="testcase" time="0.000" classname="annot.parameterization"/>
  <testcase name="testcase" time="0.000" classname="annot.parameterization"/>
  <testcase name="testcase" time="0.000" classname="annot.parameterization"/>
</testsuite>
