<?xml version="1.0" encoding="UTF-8"?>
<!-- Generated by org.testng.reporters.JUnitReportReporter -->
<testsuite hostname="DELL-PC" name="listeners_testng.Login" tests="1" failures="0" timestamp="5 Dec 2014 08:02:58 GMT" time="0.020" errors="0">
  <testcase name="testcase" time="0.020" classname="listeners_testng.Login"/>
</testsuite> <!-- listeners_testng.Login -->
