<?xml version="1.0" encoding="UTF-8"?>
<!-- Generated by org.testng.reporters.JUnitReportReporter -->
<testsuite hostname="DELL-PC" name="Dependency.RegForm" tests="2" failures="0" timestamp="2 Dec 2014 08:50:48 GMT" time="0.014" errors="0">
  <testcase name="testcase" time="0.002" classname="Dependency.RegForm"/>
  <testcase name="testcase" time="0.012" classname="Dependency.RegForm"/>
</testsuite> <!-- Dependency.RegForm -->
