<?xml version="1.0" encoding="UTF-8"?>
<!-- Generated by org.testng.reporters.JUnitReportReporter -->
<testsuite hostname="DELL-PC" name="testcaseListeners.CustomerForm" tests="2" failures="0" timestamp="2 Dec 2014 10:21:41 GMT" time="0.017" errors="0">
  <testcase name="test1" time="0.013" classname="testcaseListeners.CustomerForm"/>
  <testcase name="test2" time="0.004" classname="testcaseListeners.CustomerForm"/>
</testsuite> <!-- testcaseListeners.CustomerForm -->
