<?xml version="1.0" encoding="UTF-8"?>
<!-- Generated by org.testng.reporters.JUnitReportReporter -->
<testsuite hostname="DELL-PC" name="practice.RegForm" tests="2" failures="0" timestamp="2 Dec 2014 08:58:02 GMT" time="0.012" errors="0">
  <testcase name="testcase" time="0.001" classname="practice.RegForm"/>
  <testcase name="testcase" time="0.011" classname="practice.RegForm"/>
</testsuite> <!-- practice.RegForm -->
