<?xml version="1.0" encoding="UTF-8"?>
<!-- Generated by org.testng.reporters.JUnitReportReporter -->
<testsuite hostname="DELL-PC" name="practice.multiple" tests="4" failures="0" timestamp="2 Dec 2014 09:10:42 GMT" time="0.017" errors="0">
  <testcase name="testB" time="0.002" classname="practice.multiple"/>
  <testcase name="testB" time="0.001" classname="practice.multiple"/>
  <testcase name="testA" time="0.002" classname="practice.multiple"/>
  <testcase name="testA" time="0.012" classname="practice.multiple"/>
</testsuite> <!-- practice.multiple -->
